<?xml version="1.0" encoding="UTF-8"?>
<testsuites>
	<testsuite name="example.Empty" errors="0" failures="0" tests="0" time="0.01">
	</testsuite>
</testsuites>
